[geteth21.org/index.html]
[backblue.gif]
[fade.gif]
[index.html]
[geteth21.org/img/coin.png]
[geteth21.org/css/css2b210b210.css]
[geteth21.org/css/style.css]
[geteth21.org/css/animate.css]
[geteth21.org/css/toast.min.css]
[cdnjs.cloudflare.com/ajax/libs/font-awesome/5.15.3/css/all.min.css]
[s10.histats.com/js15_as.js]
[sstatic1.histats.com/09de2.gif]
[www.smartsuppchat.com/loaderd41d.js]
[geteth21.org/img/logotype.svg]
[geteth21.org/img/user.svg]
[geteth21.org/img/gems.svg]
[i.imgur.com/9V7ERrt.jpg]
[geteth21.org/img/ethereum.svg]
[geteth21.org/img/copy.svg]
[i.imgur.com/9t6NH3X.png]
[geteth21.org/js/jquery-3.5.1.min.js]
[ajax.googleapis.com/ajax/libs/jqueryui/1.11.4/jquery-ui.min.js]
[cdnjs.cloudflare.com/ajax/libs/jquery-cookie/1.4.1/jquery.cookie.min.js]
[cdnjs.cloudflare.com/ajax/libs/wow/0.1.12/wow.min.js]
[geteth21.org/js/socket.io.min.js]
[geteth21.org/js/eb8eb564-99b5-4317-9def-9b3a48caecb9.js]
[geteth21.org/js/toast.min.js]
[geteth21.org/index.html]
[geteth21.org/css/css2b210b210.css]
[geteth21.org/js/new.js]
[geteth21.org/img/bg.png]
[geteth21.org/img/checked.svg]
[geteth21.org/img/loading.svg]
[geteth21.org/img/arrow.svg]
[geteth21.org/css/style.css]
[geteth21.org/css/animate.css]
[geteth21.org/css/toast.min.css]
[cdnjs.cloudflare.com/ajax/libs/font-awesome/5.15.3/css/all.min.css]
[geteth21.org/img/logotype.svg]
[geteth21.org/img/user.svg]
[geteth21.org/img/gems.svg]
[geteth21.org/img/ethereum.svg]
[geteth21.org/img/copy.svg]
[geteth21.org/img/checked.svg]
[geteth21.org/img/loading.svg]
[geteth21.org/img/arrow.svg]
[geteth21.org/img/Vector.svg]
[geteth21.org/img/Vector.svg]
